<?xml version="1.0" encoding="UTF-8"?>
<!-- Generated by org.testng.reporters.JUnitReportReporter -->
<testsuite skipped="0" hostname="DESKTOP-98PBJP0" name="TATOC_USING_POM.TatocUsingPOM" tests="1" failures="0" timestamp="26 Feb 2021 15:15:07 GMT" time="29.904" errors="0">
  <testcase name="Test" time="29.904" classname="TATOC_USING_POM.TatocUsingPOM"/>
</testsuite> <!-- TATOC_USING_POM.TatocUsingPOM -->
