<?xml version="1.0" encoding="UTF-8"?>
<!-- Generated by org.testng.reporters.JUnitReportReporter -->
<testsuite skipped="0" hostname="DESKTOP-98PBJP0" name="vivekqa.Weather" tests="1" failures="0" timestamp="22 Feb 2021 12:20:38 GMT" time="205.305" errors="0">
  <testcase name="TestMethod" time="205.305" classname="vivekqa.Weather"/>
</testsuite> <!-- vivekqa.Weather -->
