<?xml version="1.0" encoding="UTF-8"?>
<!-- Generated by org.testng.reporters.JUnitReportReporter -->
<testsuite skipped="0" hostname="DESKTOP-98PBJP0" name="Tatoc" tests="1" failures="0" timestamp="25 Feb 2021 06:16:33 GMT" time="18.015" errors="0">
  <testcase name="TestMethod" time="18.015" classname="Tatoc"/>
</testsuite> <!-- Tatoc -->
