<?xml version="1.0" encoding="UTF-8"?>
<!-- Generated by org.testng.reporters.JUnitReportReporter -->
<testsuite skipped="0" hostname="DESKTOP-98PBJP0" name="mmt.MMT_test" tests="1" failures="0" timestamp="15 Mar 2021 13:04:56 GMT" time="48.666" errors="0">
  <testcase name="platformSelecion" time="48.666" classname="mmt.MMT_test"/>
</testsuite> <!-- mmt.MMT_test -->
