<?xml version="1.0" encoding="UTF-8"?>
<!-- Generated by org.testng.reporters.JUnitReportReporter -->
<testsuite skipped="0" hostname="DESKTOP-98PBJP0" name="mmt.mmtAssignmnet" tests="1" failures="0" timestamp="18 Mar 2021 15:18:14 GMT" time="95.413" errors="0">
  <testcase name="platformSelecion" time="95.413" classname="mmt.mmtAssignmnet"/>
</testsuite> <!-- mmt.mmtAssignmnet -->
