<?xml version="1.0" encoding="UTF-8"?>
<!-- Generated by org.testng.reporters.JUnitReportReporter -->
<testsuite skipped="0" hostname="DESKTOP-98PBJP0" name="Tatoc_JS" tests="1" failures="0" timestamp="25 Feb 2021 06:14:39 GMT" time="19.373" errors="0">
  <testcase name="A2" time="19.373" classname="Tatoc_JS"/>
</testsuite> <!-- Tatoc_JS -->
