<?xml version="1.0" encoding="UTF-8"?>
<!-- Generated by org.testng.reporters.JUnitReportReporter -->
<testsuite skipped="0" hostname="DESKTOP-98PBJP0" name="TatocUsingPOM" tests="1" failures="0" timestamp="25 Feb 2021 13:10:37 GMT" time="18.721" errors="0">
  <testcase name="Test" time="18.721" classname="TatocUsingPOM"/>
</testsuite> <!-- TatocUsingPOM -->
