<?xml version="1.0" encoding="UTF-8"?>
<!-- Generated by org.testng.reporters.JUnitReportReporter -->
<testsuite skipped="0" hostname="DESKTOP-98PBJP0" name="TatocUsingJS" tests="1" failures="0" timestamp="25 Feb 2021 08:54:07 GMT" time="132.489" errors="0">
  <testcase name="setUp" time="132.489" classname="TatocUsingJS"/>
</testsuite> <!-- TatocUsingJS -->
