<?xml version="1.0" encoding="UTF-8"?>
<!-- Generated by org.testng.reporters.JUnitReportReporter -->
<testsuite skipped="0" hostname="DESKTOP-98PBJP0" name="mmt.MMT_test" tests="1" failures="0" timestamp="08 Mar 2021 06:15:24 GMT" time="114.563" errors="0">
  <testcase name="MMT" time="114.563" classname="mmt.MMT_test"/>
</testsuite> <!-- mmt.MMT_test -->
