<?xml version="1.0" encoding="UTF-8"?>
<!-- Generated by org.testng.reporters.JUnitReportReporter -->
<testsuite skipped="0" hostname="DESKTOP-98PBJP0" name="vivekqa_automation.TestQAIT" tests="1" failures="0" timestamp="22 Feb 2021 12:07:06 GMT" time="0.033" errors="0">
  <testcase name="m2" time="0.033" classname="vivekqa_automation.TestQAIT"/>
</testsuite> <!-- vivekqa_automation.TestQAIT -->
