<?xml version="1.0" encoding="UTF-8"?>
<!-- Generated by org.testng.reporters.JUnitReportReporter -->
<testsuite skipped="0" hostname="DESKTOP-98PBJP0" name="jenkinsTest.testinggg" tests="6" failures="0" timestamp="14 Apr 2021 06:46:36 GMT" time="0.105" errors="0">
  <testcase name="init" time="0.051" classname="jenkinsTest.testinggg"/>
  <testcase name="select" time="0.023" classname="jenkinsTest.testinggg"/>
  <testcase name="insert" time="0.008" classname="jenkinsTest.testinggg"/>
  <testcase name="update" time="0.008" classname="jenkinsTest.testinggg"/>
  <testcase name="cleanup" time="0.005" classname="jenkinsTest.testinggg"/>
  <testcase name="delete" time="0.010" classname="jenkinsTest.testinggg"/>
</testsuite> <!-- jenkinsTest.testinggg -->
