<?xml version="1.0" encoding="UTF-8"?>
<!-- Generated by org.testng.reporters.JUnitReportReporter -->
<testsuite skipped="0" hostname="DESKTOP-98PBJP0" name="mmt.MMT_test" tests="1" failures="0" timestamp="12 Mar 2021 11:42:14 GMT" time="29.088" errors="0">
  <testcase name="mmt" time="29.088" classname="mmt.MMT_test"/>
</testsuite> <!-- mmt.MMT_test -->
