<?xml version="1.0" encoding="UTF-8"?>
<!-- Generated by org.testng.reporters.JUnitReportReporter -->
<testsuite skipped="0" hostname="DESKTOP-98PBJP0" name="mmt.MakeMyTripProject" tests="1" failures="0" timestamp="05 Mar 2021 04:18:11 GMT" time="31.449" errors="0">
  <testcase name="TripDetails" time="31.449" classname="mmt.MakeMyTripProject"/>
</testsuite> <!-- mmt.MakeMyTripProject -->
